have_header: checking for unistd.h... -------------------- yes

"gcc -o conftest -I/home/anna/.rvm/rubies/ruby-2.0.0-p247/include/ruby-2.0.0/x86_64-linux -I/home/anna/.rvm/rubies/ruby-2.0.0-p247/include/ruby-2.0.0/ruby/backward -I/home/anna/.rvm/rubies/ruby-2.0.0-p247/include/ruby-2.0.0 -I.     -O3 -fno-fast-math -ggdb3 -Wall -Wextra -Wno-unused-parameter -Wno-parentheses -Wno-long-long -Wno-missing-field-initializers -Wunused-variable -Wpointer-arith -Wwrite-strings -Wdeclaration-after-statement -Wimplicit-function-declaration  -fPIC conftest.c  -L. -L/home/anna/.rvm/rubies/ruby-2.0.0-p247/lib -Wl,-R/home/anna/.rvm/rubies/ruby-2.0.0-p247/lib -L. -fstack-protector -rdynamic -Wl,-export-dynamic     '-Wl,-rpath,/../lib' -Wl,-R -Wl,/home/anna/.rvm/rubies/ruby-2.0.0-p247/lib -L/home/anna/.rvm/rubies/ruby-2.0.0-p247/lib -lruby  -lpthread -lrt -ldl -lcrypt -lm   -lc"
checked program was:
/* begin */
1: #include "ruby.h"
2: 
3: int main(int argc, char **argv)
4: {
5:   return 0;
6: }
/* end */

"gcc -E -I/home/anna/.rvm/rubies/ruby-2.0.0-p247/include/ruby-2.0.0/x86_64-linux -I/home/anna/.rvm/rubies/ruby-2.0.0-p247/include/ruby-2.0.0/ruby/backward -I/home/anna/.rvm/rubies/ruby-2.0.0-p247/include/ruby-2.0.0 -I.     -O3 -fno-fast-math -ggdb3 -Wall -Wextra -Wno-unused-parameter -Wno-parentheses -Wno-long-long -Wno-missing-field-initializers -Wunused-variable -Wpointer-arith -Wwrite-strings -Wdeclaration-after-statement -Wimplicit-function-declaration  -fPIC  conftest.c -o conftest.i"
checked program was:
/* begin */
1: #include "ruby.h"
2: 
3: #include <unistd.h>
/* end */

--------------------

have_func: checking for getpagesize()... -------------------- yes

"gcc -o conftest -I/home/anna/.rvm/rubies/ruby-2.0.0-p247/include/ruby-2.0.0/x86_64-linux -I/home/anna/.rvm/rubies/ruby-2.0.0-p247/include/ruby-2.0.0/ruby/backward -I/home/anna/.rvm/rubies/ruby-2.0.0-p247/include/ruby-2.0.0 -I.     -O3 -fno-fast-math -ggdb3 -Wall -Wextra -Wno-unused-parameter -Wno-parentheses -Wno-long-long -Wno-missing-field-initializers -Wunused-variable -Wpointer-arith -Wwrite-strings -Wdeclaration-after-statement -Wimplicit-function-declaration  -fPIC conftest.c  -L. -L/home/anna/.rvm/rubies/ruby-2.0.0-p247/lib -Wl,-R/home/anna/.rvm/rubies/ruby-2.0.0-p247/lib -L. -fstack-protector -rdynamic -Wl,-export-dynamic     '-Wl,-rpath,/../lib' -Wl,-R -Wl,/home/anna/.rvm/rubies/ruby-2.0.0-p247/lib -L/home/anna/.rvm/rubies/ruby-2.0.0-p247/lib -lruby  -lpthread -lrt -ldl -lcrypt -lm   -lc"
conftest.c: In function ‘t’:
conftest.c:5:57: error: ‘getpagesize’ undeclared (first use in this function)
conftest.c:5:57: note: each undeclared identifier is reported only once for each function it appears in
conftest.c:5:32: warning: variable ‘p’ set but not used [-Wunused-but-set-variable]
checked program was:
/* begin */
 1: #include "ruby.h"
 2: 
 3: /*top*/
 4: extern int t(void);
 5: int t(void) { void ((*volatile p)()); p = (void ((*)()))getpagesize; return 0; }
 6: int main(int argc, char **argv)
 7: {
 8:   if (argc > 1000000) {
 9:     printf("%p", &t);
10:   }
11: 
12:   return 0;
13: }
/* end */

"gcc -o conftest -I/home/anna/.rvm/rubies/ruby-2.0.0-p247/include/ruby-2.0.0/x86_64-linux -I/home/anna/.rvm/rubies/ruby-2.0.0-p247/include/ruby-2.0.0/ruby/backward -I/home/anna/.rvm/rubies/ruby-2.0.0-p247/include/ruby-2.0.0 -I.     -O3 -fno-fast-math -ggdb3 -Wall -Wextra -Wno-unused-parameter -Wno-parentheses -Wno-long-long -Wno-missing-field-initializers -Wunused-variable -Wpointer-arith -Wwrite-strings -Wdeclaration-after-statement -Wimplicit-function-declaration  -fPIC conftest.c  -L. -L/home/anna/.rvm/rubies/ruby-2.0.0-p247/lib -Wl,-R/home/anna/.rvm/rubies/ruby-2.0.0-p247/lib -L. -fstack-protector -rdynamic -Wl,-export-dynamic     '-Wl,-rpath,/../lib' -Wl,-R -Wl,/home/anna/.rvm/rubies/ruby-2.0.0-p247/lib -L/home/anna/.rvm/rubies/ruby-2.0.0-p247/lib -lruby  -lpthread -lrt -ldl -lcrypt -lm   -lc"
conftest.c: In function ‘t’:
conftest.c:5:1: warning: implicit declaration of function ‘getpagesize’ [-Wimplicit-function-declaration]
checked program was:
/* begin */
 1: #include "ruby.h"
 2: 
 3: /*top*/
 4: extern int t(void);
 5: int t(void) { getpagesize(); return 0; }
 6: int main(int argc, char **argv)
 7: {
 8:   if (argc > 1000000) {
 9:     printf("%p", &t);
10:   }
11: 
12:   return 0;
13: }
/* end */

--------------------

have_header: checking for stdlib.h... -------------------- yes

"gcc -E -I/home/anna/.rvm/rubies/ruby-2.0.0-p247/include/ruby-2.0.0/x86_64-linux -I/home/anna/.rvm/rubies/ruby-2.0.0-p247/include/ruby-2.0.0/ruby/backward -I/home/anna/.rvm/rubies/ruby-2.0.0-p247/include/ruby-2.0.0 -I.     -O3 -fno-fast-math -ggdb3 -Wall -Wextra -Wno-unused-parameter -Wno-parentheses -Wno-long-long -Wno-missing-field-initializers -Wunused-variable -Wpointer-arith -Wwrite-strings -Wdeclaration-after-statement -Wimplicit-function-declaration  -fPIC  conftest.c -o conftest.i"
checked program was:
/* begin */
1: #include "ruby.h"
2: 
3: #include <stdlib.h>
/* end */

--------------------

have_func: checking for getloadavg()... -------------------- yes

"gcc -o conftest -I/home/anna/.rvm/rubies/ruby-2.0.0-p247/include/ruby-2.0.0/x86_64-linux -I/home/anna/.rvm/rubies/ruby-2.0.0-p247/include/ruby-2.0.0/ruby/backward -I/home/anna/.rvm/rubies/ruby-2.0.0-p247/include/ruby-2.0.0 -I.     -O3 -fno-fast-math -ggdb3 -Wall -Wextra -Wno-unused-parameter -Wno-parentheses -Wno-long-long -Wno-missing-field-initializers -Wunused-variable -Wpointer-arith -Wwrite-strings -Wdeclaration-after-statement -Wimplicit-function-declaration  -fPIC conftest.c  -L. -L/home/anna/.rvm/rubies/ruby-2.0.0-p247/lib -Wl,-R/home/anna/.rvm/rubies/ruby-2.0.0-p247/lib -L. -fstack-protector -rdynamic -Wl,-export-dynamic     '-Wl,-rpath,/../lib' -Wl,-R -Wl,/home/anna/.rvm/rubies/ruby-2.0.0-p247/lib -L/home/anna/.rvm/rubies/ruby-2.0.0-p247/lib -lruby  -lpthread -lrt -ldl -lcrypt -lm   -lc"
conftest.c: In function ‘t’:
conftest.c:5:32: warning: variable ‘p’ set but not used [-Wunused-but-set-variable]
checked program was:
/* begin */
 1: #include "ruby.h"
 2: 
 3: /*top*/
 4: extern int t(void);
 5: int t(void) { void ((*volatile p)()); p = (void ((*)()))getloadavg; return 0; }
 6: int main(int argc, char **argv)
 7: {
 8:   if (argc > 1000000) {
 9:     printf("%p", &t);
10:   }
11: 
12:   return 0;
13: }
/* end */

--------------------

have_header: checking for mach/mach.h... -------------------- no

"gcc -E -I/home/anna/.rvm/rubies/ruby-2.0.0-p247/include/ruby-2.0.0/x86_64-linux -I/home/anna/.rvm/rubies/ruby-2.0.0-p247/include/ruby-2.0.0/ruby/backward -I/home/anna/.rvm/rubies/ruby-2.0.0-p247/include/ruby-2.0.0 -I.     -O3 -fno-fast-math -ggdb3 -Wall -Wextra -Wno-unused-parameter -Wno-parentheses -Wno-long-long -Wno-missing-field-initializers -Wunused-variable -Wpointer-arith -Wwrite-strings -Wdeclaration-after-statement -Wimplicit-function-declaration  -fPIC  conftest.c -o conftest.i"
conftest.c:3:23: fatal error: mach/mach.h: Нет такого файла или каталога
compilation terminated.
checked program was:
/* begin */
1: #include "ruby.h"
2: 
3: #include <mach/mach.h>
/* end */

--------------------

have_header: checking for mach/mach_host.h... -------------------- no

"gcc -E -I/home/anna/.rvm/rubies/ruby-2.0.0-p247/include/ruby-2.0.0/x86_64-linux -I/home/anna/.rvm/rubies/ruby-2.0.0-p247/include/ruby-2.0.0/ruby/backward -I/home/anna/.rvm/rubies/ruby-2.0.0-p247/include/ruby-2.0.0 -I.     -O3 -fno-fast-math -ggdb3 -Wall -Wextra -Wno-unused-parameter -Wno-parentheses -Wno-long-long -Wno-missing-field-initializers -Wunused-variable -Wpointer-arith -Wwrite-strings -Wdeclaration-after-statement -Wimplicit-function-declaration  -fPIC  conftest.c -o conftest.i"
conftest.c:3:28: fatal error: mach/mach_host.h: Нет такого файла или каталога
compilation terminated.
checked program was:
/* begin */
1: #include "ruby.h"
2: 
3: #include <mach/mach_host.h>
/* end */

--------------------

have_func: checking for host_processor_info()... -------------------- no

"gcc -o conftest -I/home/anna/.rvm/rubies/ruby-2.0.0-p247/include/ruby-2.0.0/x86_64-linux -I/home/anna/.rvm/rubies/ruby-2.0.0-p247/include/ruby-2.0.0/ruby/backward -I/home/anna/.rvm/rubies/ruby-2.0.0-p247/include/ruby-2.0.0 -I.     -O3 -fno-fast-math -ggdb3 -Wall -Wextra -Wno-unused-parameter -Wno-parentheses -Wno-long-long -Wno-missing-field-initializers -Wunused-variable -Wpointer-arith -Wwrite-strings -Wdeclaration-after-statement -Wimplicit-function-declaration  -fPIC conftest.c  -L. -L/home/anna/.rvm/rubies/ruby-2.0.0-p247/lib -Wl,-R/home/anna/.rvm/rubies/ruby-2.0.0-p247/lib -L. -fstack-protector -rdynamic -Wl,-export-dynamic     '-Wl,-rpath,/../lib' -Wl,-R -Wl,/home/anna/.rvm/rubies/ruby-2.0.0-p247/lib -L/home/anna/.rvm/rubies/ruby-2.0.0-p247/lib -lruby  -lpthread -lrt -ldl -lcrypt -lm   -lc"
conftest.c: In function ‘t’:
conftest.c:5:57: error: ‘host_processor_info’ undeclared (first use in this function)
conftest.c:5:57: note: each undeclared identifier is reported only once for each function it appears in
conftest.c:5:32: warning: variable ‘p’ set but not used [-Wunused-but-set-variable]
checked program was:
/* begin */
 1: #include "ruby.h"
 2: 
 3: /*top*/
 4: extern int t(void);
 5: int t(void) { void ((*volatile p)()); p = (void ((*)()))host_processor_info; return 0; }
 6: int main(int argc, char **argv)
 7: {
 8:   if (argc > 1000000) {
 9:     printf("%p", &t);
10:   }
11: 
12:   return 0;
13: }
/* end */

"gcc -o conftest -I/home/anna/.rvm/rubies/ruby-2.0.0-p247/include/ruby-2.0.0/x86_64-linux -I/home/anna/.rvm/rubies/ruby-2.0.0-p247/include/ruby-2.0.0/ruby/backward -I/home/anna/.rvm/rubies/ruby-2.0.0-p247/include/ruby-2.0.0 -I.     -O3 -fno-fast-math -ggdb3 -Wall -Wextra -Wno-unused-parameter -Wno-parentheses -Wno-long-long -Wno-missing-field-initializers -Wunused-variable -Wpointer-arith -Wwrite-strings -Wdeclaration-after-statement -Wimplicit-function-declaration  -fPIC conftest.c  -L. -L/home/anna/.rvm/rubies/ruby-2.0.0-p247/lib -Wl,-R/home/anna/.rvm/rubies/ruby-2.0.0-p247/lib -L. -fstack-protector -rdynamic -Wl,-export-dynamic     '-Wl,-rpath,/../lib' -Wl,-R -Wl,/home/anna/.rvm/rubies/ruby-2.0.0-p247/lib -L/home/anna/.rvm/rubies/ruby-2.0.0-p247/lib -lruby  -lpthread -lrt -ldl -lcrypt -lm   -lc"
conftest.c: In function ‘t’:
conftest.c:5:1: warning: implicit declaration of function ‘host_processor_info’ [-Wimplicit-function-declaration]
/tmp/ccvsMPaG.o: In function `t':
/home/anna/www/hq/vendor/cache/ruby/2.0.0/gems/vmstat-2.0.0/ext/vmstat/conftest.c:5: undefined reference to `host_processor_info'
collect2: error: ld returned 1 exit status
checked program was:
/* begin */
 1: #include "ruby.h"
 2: 
 3: /*top*/
 4: extern int t(void);
 5: int t(void) { host_processor_info(); return 0; }
 6: int main(int argc, char **argv)
 7: {
 8:   if (argc > 1000000) {
 9:     printf("%p", &t);
10:   }
11: 
12:   return 0;
13: }
/* end */

--------------------

have_func: checking for mach_host_self()... -------------------- no

"gcc -o conftest -I/home/anna/.rvm/rubies/ruby-2.0.0-p247/include/ruby-2.0.0/x86_64-linux -I/home/anna/.rvm/rubies/ruby-2.0.0-p247/include/ruby-2.0.0/ruby/backward -I/home/anna/.rvm/rubies/ruby-2.0.0-p247/include/ruby-2.0.0 -I.     -O3 -fno-fast-math -ggdb3 -Wall -Wextra -Wno-unused-parameter -Wno-parentheses -Wno-long-long -Wno-missing-field-initializers -Wunused-variable -Wpointer-arith -Wwrite-strings -Wdeclaration-after-statement -Wimplicit-function-declaration  -fPIC conftest.c  -L. -L/home/anna/.rvm/rubies/ruby-2.0.0-p247/lib -Wl,-R/home/anna/.rvm/rubies/ruby-2.0.0-p247/lib -L. -fstack-protector -rdynamic -Wl,-export-dynamic     '-Wl,-rpath,/../lib' -Wl,-R -Wl,/home/anna/.rvm/rubies/ruby-2.0.0-p247/lib -L/home/anna/.rvm/rubies/ruby-2.0.0-p247/lib -lruby  -lpthread -lrt -ldl -lcrypt -lm   -lc"
conftest.c: In function ‘t’:
conftest.c:5:57: error: ‘mach_host_self’ undeclared (first use in this function)
conftest.c:5:57: note: each undeclared identifier is reported only once for each function it appears in
conftest.c:5:32: warning: variable ‘p’ set but not used [-Wunused-but-set-variable]
checked program was:
/* begin */
 1: #include "ruby.h"
 2: 
 3: /*top*/
 4: extern int t(void);
 5: int t(void) { void ((*volatile p)()); p = (void ((*)()))mach_host_self; return 0; }
 6: int main(int argc, char **argv)
 7: {
 8:   if (argc > 1000000) {
 9:     printf("%p", &t);
10:   }
11: 
12:   return 0;
13: }
/* end */

"gcc -o conftest -I/home/anna/.rvm/rubies/ruby-2.0.0-p247/include/ruby-2.0.0/x86_64-linux -I/home/anna/.rvm/rubies/ruby-2.0.0-p247/include/ruby-2.0.0/ruby/backward -I/home/anna/.rvm/rubies/ruby-2.0.0-p247/include/ruby-2.0.0 -I.     -O3 -fno-fast-math -ggdb3 -Wall -Wextra -Wno-unused-parameter -Wno-parentheses -Wno-long-long -Wno-missing-field-initializers -Wunused-variable -Wpointer-arith -Wwrite-strings -Wdeclaration-after-statement -Wimplicit-function-declaration  -fPIC conftest.c  -L. -L/home/anna/.rvm/rubies/ruby-2.0.0-p247/lib -Wl,-R/home/anna/.rvm/rubies/ruby-2.0.0-p247/lib -L. -fstack-protector -rdynamic -Wl,-export-dynamic     '-Wl,-rpath,/../lib' -Wl,-R -Wl,/home/anna/.rvm/rubies/ruby-2.0.0-p247/lib -L/home/anna/.rvm/rubies/ruby-2.0.0-p247/lib -lruby  -lpthread -lrt -ldl -lcrypt -lm   -lc"
conftest.c: In function ‘t’:
conftest.c:5:1: warning: implicit declaration of function ‘mach_host_self’ [-Wimplicit-function-declaration]
/tmp/ccHrH8WS.o: In function `t':
/home/anna/www/hq/vendor/cache/ruby/2.0.0/gems/vmstat-2.0.0/ext/vmstat/conftest.c:5: undefined reference to `mach_host_self'
collect2: error: ld returned 1 exit status
checked program was:
/* begin */
 1: #include "ruby.h"
 2: 
 3: /*top*/
 4: extern int t(void);
 5: int t(void) { mach_host_self(); return 0; }
 6: int main(int argc, char **argv)
 7: {
 8:   if (argc > 1000000) {
 9:     printf("%p", &t);
10:   }
11: 
12:   return 0;
13: }
/* end */

--------------------

have_func: checking for mach_task_self()... -------------------- no

"gcc -o conftest -I/home/anna/.rvm/rubies/ruby-2.0.0-p247/include/ruby-2.0.0/x86_64-linux -I/home/anna/.rvm/rubies/ruby-2.0.0-p247/include/ruby-2.0.0/ruby/backward -I/home/anna/.rvm/rubies/ruby-2.0.0-p247/include/ruby-2.0.0 -I.     -O3 -fno-fast-math -ggdb3 -Wall -Wextra -Wno-unused-parameter -Wno-parentheses -Wno-long-long -Wno-missing-field-initializers -Wunused-variable -Wpointer-arith -Wwrite-strings -Wdeclaration-after-statement -Wimplicit-function-declaration  -fPIC conftest.c  -L. -L/home/anna/.rvm/rubies/ruby-2.0.0-p247/lib -Wl,-R/home/anna/.rvm/rubies/ruby-2.0.0-p247/lib -L. -fstack-protector -rdynamic -Wl,-export-dynamic     '-Wl,-rpath,/../lib' -Wl,-R -Wl,/home/anna/.rvm/rubies/ruby-2.0.0-p247/lib -L/home/anna/.rvm/rubies/ruby-2.0.0-p247/lib -lruby  -lpthread -lrt -ldl -lcrypt -lm   -lc"
conftest.c: In function ‘t’:
conftest.c:5:57: error: ‘mach_task_self’ undeclared (first use in this function)
conftest.c:5:57: note: each undeclared identifier is reported only once for each function it appears in
conftest.c:5:32: warning: variable ‘p’ set but not used [-Wunused-but-set-variable]
checked program was:
/* begin */
 1: #include "ruby.h"
 2: 
 3: /*top*/
 4: extern int t(void);
 5: int t(void) { void ((*volatile p)()); p = (void ((*)()))mach_task_self; return 0; }
 6: int main(int argc, char **argv)
 7: {
 8:   if (argc > 1000000) {
 9:     printf("%p", &t);
10:   }
11: 
12:   return 0;
13: }
/* end */

"gcc -o conftest -I/home/anna/.rvm/rubies/ruby-2.0.0-p247/include/ruby-2.0.0/x86_64-linux -I/home/anna/.rvm/rubies/ruby-2.0.0-p247/include/ruby-2.0.0/ruby/backward -I/home/anna/.rvm/rubies/ruby-2.0.0-p247/include/ruby-2.0.0 -I.     -O3 -fno-fast-math -ggdb3 -Wall -Wextra -Wno-unused-parameter -Wno-parentheses -Wno-long-long -Wno-missing-field-initializers -Wunused-variable -Wpointer-arith -Wwrite-strings -Wdeclaration-after-statement -Wimplicit-function-declaration  -fPIC conftest.c  -L. -L/home/anna/.rvm/rubies/ruby-2.0.0-p247/lib -Wl,-R/home/anna/.rvm/rubies/ruby-2.0.0-p247/lib -L. -fstack-protector -rdynamic -Wl,-export-dynamic     '-Wl,-rpath,/../lib' -Wl,-R -Wl,/home/anna/.rvm/rubies/ruby-2.0.0-p247/lib -L/home/anna/.rvm/rubies/ruby-2.0.0-p247/lib -lruby  -lpthread -lrt -ldl -lcrypt -lm   -lc"
conftest.c: In function ‘t’:
conftest.c:5:1: warning: implicit declaration of function ‘mach_task_self’ [-Wimplicit-function-declaration]
/tmp/ccJIqXR2.o: In function `t':
/home/anna/www/hq/vendor/cache/ruby/2.0.0/gems/vmstat-2.0.0/ext/vmstat/conftest.c:5: undefined reference to `mach_task_self'
collect2: error: ld returned 1 exit status
checked program was:
/* begin */
 1: #include "ruby.h"
 2: 
 3: /*top*/
 4: extern int t(void);
 5: int t(void) { mach_task_self(); return 0; }
 6: int main(int argc, char **argv)
 7: {
 8:   if (argc > 1000000) {
 9:     printf("%p", &t);
10:   }
11: 
12:   return 0;
13: }
/* end */

--------------------

have_func: checking for vm_deallocate()... -------------------- no

"gcc -o conftest -I/home/anna/.rvm/rubies/ruby-2.0.0-p247/include/ruby-2.0.0/x86_64-linux -I/home/anna/.rvm/rubies/ruby-2.0.0-p247/include/ruby-2.0.0/ruby/backward -I/home/anna/.rvm/rubies/ruby-2.0.0-p247/include/ruby-2.0.0 -I.     -O3 -fno-fast-math -ggdb3 -Wall -Wextra -Wno-unused-parameter -Wno-parentheses -Wno-long-long -Wno-missing-field-initializers -Wunused-variable -Wpointer-arith -Wwrite-strings -Wdeclaration-after-statement -Wimplicit-function-declaration  -fPIC conftest.c  -L. -L/home/anna/.rvm/rubies/ruby-2.0.0-p247/lib -Wl,-R/home/anna/.rvm/rubies/ruby-2.0.0-p247/lib -L. -fstack-protector -rdynamic -Wl,-export-dynamic     '-Wl,-rpath,/../lib' -Wl,-R -Wl,/home/anna/.rvm/rubies/ruby-2.0.0-p247/lib -L/home/anna/.rvm/rubies/ruby-2.0.0-p247/lib -lruby  -lpthread -lrt -ldl -lcrypt -lm   -lc"
conftest.c: In function ‘t’:
conftest.c:5:57: error: ‘vm_deallocate’ undeclared (first use in this function)
conftest.c:5:57: note: each undeclared identifier is reported only once for each function it appears in
conftest.c:5:32: warning: variable ‘p’ set but not used [-Wunused-but-set-variable]
checked program was:
/* begin */
 1: #include "ruby.h"
 2: 
 3: /*top*/
 4: extern int t(void);
 5: int t(void) { void ((*volatile p)()); p = (void ((*)()))vm_deallocate; return 0; }
 6: int main(int argc, char **argv)
 7: {
 8:   if (argc > 1000000) {
 9:     printf("%p", &t);
10:   }
11: 
12:   return 0;
13: }
/* end */

"gcc -o conftest -I/home/anna/.rvm/rubies/ruby-2.0.0-p247/include/ruby-2.0.0/x86_64-linux -I/home/anna/.rvm/rubies/ruby-2.0.0-p247/include/ruby-2.0.0/ruby/backward -I/home/anna/.rvm/rubies/ruby-2.0.0-p247/include/ruby-2.0.0 -I.     -O3 -fno-fast-math -ggdb3 -Wall -Wextra -Wno-unused-parameter -Wno-parentheses -Wno-long-long -Wno-missing-field-initializers -Wunused-variable -Wpointer-arith -Wwrite-strings -Wdeclaration-after-statement -Wimplicit-function-declaration  -fPIC conftest.c  -L. -L/home/anna/.rvm/rubies/ruby-2.0.0-p247/lib -Wl,-R/home/anna/.rvm/rubies/ruby-2.0.0-p247/lib -L. -fstack-protector -rdynamic -Wl,-export-dynamic     '-Wl,-rpath,/../lib' -Wl,-R -Wl,/home/anna/.rvm/rubies/ruby-2.0.0-p247/lib -L/home/anna/.rvm/rubies/ruby-2.0.0-p247/lib -lruby  -lpthread -lrt -ldl -lcrypt -lm   -lc"
conftest.c: In function ‘t’:
conftest.c:5:1: warning: implicit declaration of function ‘vm_deallocate’ [-Wimplicit-function-declaration]
/tmp/cclzOQIf.o: In function `t':
/home/anna/www/hq/vendor/cache/ruby/2.0.0/gems/vmstat-2.0.0/ext/vmstat/conftest.c:5: undefined reference to `vm_deallocate'
collect2: error: ld returned 1 exit status
checked program was:
/* begin */
 1: #include "ruby.h"
 2: 
 3: /*top*/
 4: extern int t(void);
 5: int t(void) { vm_deallocate(); return 0; }
 6: int main(int argc, char **argv)
 7: {
 8:   if (argc > 1000000) {
 9:     printf("%p", &t);
10:   }
11: 
12:   return 0;
13: }
/* end */

--------------------

have_func: checking for mach_error_string()... -------------------- no

"gcc -o conftest -I/home/anna/.rvm/rubies/ruby-2.0.0-p247/include/ruby-2.0.0/x86_64-linux -I/home/anna/.rvm/rubies/ruby-2.0.0-p247/include/ruby-2.0.0/ruby/backward -I/home/anna/.rvm/rubies/ruby-2.0.0-p247/include/ruby-2.0.0 -I.     -O3 -fno-fast-math -ggdb3 -Wall -Wextra -Wno-unused-parameter -Wno-parentheses -Wno-long-long -Wno-missing-field-initializers -Wunused-variable -Wpointer-arith -Wwrite-strings -Wdeclaration-after-statement -Wimplicit-function-declaration  -fPIC conftest.c  -L. -L/home/anna/.rvm/rubies/ruby-2.0.0-p247/lib -Wl,-R/home/anna/.rvm/rubies/ruby-2.0.0-p247/lib -L. -fstack-protector -rdynamic -Wl,-export-dynamic     '-Wl,-rpath,/../lib' -Wl,-R -Wl,/home/anna/.rvm/rubies/ruby-2.0.0-p247/lib -L/home/anna/.rvm/rubies/ruby-2.0.0-p247/lib -lruby  -lpthread -lrt -ldl -lcrypt -lm   -lc"
conftest.c: In function ‘t’:
conftest.c:5:57: error: ‘mach_error_string’ undeclared (first use in this function)
conftest.c:5:57: note: each undeclared identifier is reported only once for each function it appears in
conftest.c:5:32: warning: variable ‘p’ set but not used [-Wunused-but-set-variable]
checked program was:
/* begin */
 1: #include "ruby.h"
 2: 
 3: /*top*/
 4: extern int t(void);
 5: int t(void) { void ((*volatile p)()); p = (void ((*)()))mach_error_string; return 0; }
 6: int main(int argc, char **argv)
 7: {
 8:   if (argc > 1000000) {
 9:     printf("%p", &t);
10:   }
11: 
12:   return 0;
13: }
/* end */

"gcc -o conftest -I/home/anna/.rvm/rubies/ruby-2.0.0-p247/include/ruby-2.0.0/x86_64-linux -I/home/anna/.rvm/rubies/ruby-2.0.0-p247/include/ruby-2.0.0/ruby/backward -I/home/anna/.rvm/rubies/ruby-2.0.0-p247/include/ruby-2.0.0 -I.     -O3 -fno-fast-math -ggdb3 -Wall -Wextra -Wno-unused-parameter -Wno-parentheses -Wno-long-long -Wno-missing-field-initializers -Wunused-variable -Wpointer-arith -Wwrite-strings -Wdeclaration-after-statement -Wimplicit-function-declaration  -fPIC conftest.c  -L. -L/home/anna/.rvm/rubies/ruby-2.0.0-p247/lib -Wl,-R/home/anna/.rvm/rubies/ruby-2.0.0-p247/lib -L. -fstack-protector -rdynamic -Wl,-export-dynamic     '-Wl,-rpath,/../lib' -Wl,-R -Wl,/home/anna/.rvm/rubies/ruby-2.0.0-p247/lib -L/home/anna/.rvm/rubies/ruby-2.0.0-p247/lib -lruby  -lpthread -lrt -ldl -lcrypt -lm   -lc"
conftest.c: In function ‘t’:
conftest.c:5:1: warning: implicit declaration of function ‘mach_error_string’ [-Wimplicit-function-declaration]
/tmp/ccM2ukil.o: In function `t':
/home/anna/www/hq/vendor/cache/ruby/2.0.0/gems/vmstat-2.0.0/ext/vmstat/conftest.c:5: undefined reference to `mach_error_string'
collect2: error: ld returned 1 exit status
checked program was:
/* begin */
 1: #include "ruby.h"
 2: 
 3: /*top*/
 4: extern int t(void);
 5: int t(void) { mach_error_string(); return 0; }
 6: int main(int argc, char **argv)
 7: {
 8:   if (argc > 1000000) {
 9:     printf("%p", &t);
10:   }
11: 
12:   return 0;
13: }
/* end */

--------------------

have_func: checking for task_info()... -------------------- no

"gcc -o conftest -I/home/anna/.rvm/rubies/ruby-2.0.0-p247/include/ruby-2.0.0/x86_64-linux -I/home/anna/.rvm/rubies/ruby-2.0.0-p247/include/ruby-2.0.0/ruby/backward -I/home/anna/.rvm/rubies/ruby-2.0.0-p247/include/ruby-2.0.0 -I.     -O3 -fno-fast-math -ggdb3 -Wall -Wextra -Wno-unused-parameter -Wno-parentheses -Wno-long-long -Wno-missing-field-initializers -Wunused-variable -Wpointer-arith -Wwrite-strings -Wdeclaration-after-statement -Wimplicit-function-declaration  -fPIC conftest.c  -L. -L/home/anna/.rvm/rubies/ruby-2.0.0-p247/lib -Wl,-R/home/anna/.rvm/rubies/ruby-2.0.0-p247/lib -L. -fstack-protector -rdynamic -Wl,-export-dynamic     '-Wl,-rpath,/../lib' -Wl,-R -Wl,/home/anna/.rvm/rubies/ruby-2.0.0-p247/lib -L/home/anna/.rvm/rubies/ruby-2.0.0-p247/lib -lruby  -lpthread -lrt -ldl -lcrypt -lm   -lc"
conftest.c: In function ‘t’:
conftest.c:5:57: error: ‘task_info’ undeclared (first use in this function)
conftest.c:5:57: note: each undeclared identifier is reported only once for each function it appears in
conftest.c:5:32: warning: variable ‘p’ set but not used [-Wunused-but-set-variable]
checked program was:
/* begin */
 1: #include "ruby.h"
 2: 
 3: /*top*/
 4: extern int t(void);
 5: int t(void) { void ((*volatile p)()); p = (void ((*)()))task_info; return 0; }
 6: int main(int argc, char **argv)
 7: {
 8:   if (argc > 1000000) {
 9:     printf("%p", &t);
10:   }
11: 
12:   return 0;
13: }
/* end */

"gcc -o conftest -I/home/anna/.rvm/rubies/ruby-2.0.0-p247/include/ruby-2.0.0/x86_64-linux -I/home/anna/.rvm/rubies/ruby-2.0.0-p247/include/ruby-2.0.0/ruby/backward -I/home/anna/.rvm/rubies/ruby-2.0.0-p247/include/ruby-2.0.0 -I.     -O3 -fno-fast-math -ggdb3 -Wall -Wextra -Wno-unused-parameter -Wno-parentheses -Wno-long-long -Wno-missing-field-initializers -Wunused-variable -Wpointer-arith -Wwrite-strings -Wdeclaration-after-statement -Wimplicit-function-declaration  -fPIC conftest.c  -L. -L/home/anna/.rvm/rubies/ruby-2.0.0-p247/lib -Wl,-R/home/anna/.rvm/rubies/ruby-2.0.0-p247/lib -L. -fstack-protector -rdynamic -Wl,-export-dynamic     '-Wl,-rpath,/../lib' -Wl,-R -Wl,/home/anna/.rvm/rubies/ruby-2.0.0-p247/lib -L/home/anna/.rvm/rubies/ruby-2.0.0-p247/lib -lruby  -lpthread -lrt -ldl -lcrypt -lm   -lc"
conftest.c: In function ‘t’:
conftest.c:5:1: warning: implicit declaration of function ‘task_info’ [-Wimplicit-function-declaration]
/tmp/ccMr1jzx.o: In function `t':
/home/anna/www/hq/vendor/cache/ruby/2.0.0/gems/vmstat-2.0.0/ext/vmstat/conftest.c:5: undefined reference to `task_info'
collect2: error: ld returned 1 exit status
checked program was:
/* begin */
 1: #include "ruby.h"
 2: 
 3: /*top*/
 4: extern int t(void);
 5: int t(void) { task_info(); return 0; }
 6: int main(int argc, char **argv)
 7: {
 8:   if (argc > 1000000) {
 9:     printf("%p", &t);
10:   }
11: 
12:   return 0;
13: }
/* end */

--------------------

have_const: checking for KERN_SUCCESS in mach/mach.h,mach/mach_host.h... -------------------- no

"gcc -I/home/anna/.rvm/rubies/ruby-2.0.0-p247/include/ruby-2.0.0/x86_64-linux -I/home/anna/.rvm/rubies/ruby-2.0.0-p247/include/ruby-2.0.0/ruby/backward -I/home/anna/.rvm/rubies/ruby-2.0.0-p247/include/ruby-2.0.0 -I.     -O3 -fno-fast-math -ggdb3 -Wall -Wextra -Wno-unused-parameter -Wno-parentheses -Wno-long-long -Wno-missing-field-initializers -Wunused-variable -Wpointer-arith -Wwrite-strings -Wdeclaration-after-statement -Wimplicit-function-declaration  -fPIC   -c conftest.c"
conftest.c:3:23: fatal error: mach/mach.h: Нет такого файла или каталога
compilation terminated.
checked program was:
/* begin */
1: #include "ruby.h"
2: 
3: #include <mach/mach.h>
4: #include <mach/mach_host.h>
5: 
6: /*top*/
7: typedef int conftest_type;
8: conftest_type conftestval = (int)KERN_SUCCESS;
/* end */

--------------------

have_const: checking for TASK_BASIC_INFO in mach/mach.h,mach/mach_host.h... -------------------- no

"gcc -I/home/anna/.rvm/rubies/ruby-2.0.0-p247/include/ruby-2.0.0/x86_64-linux -I/home/anna/.rvm/rubies/ruby-2.0.0-p247/include/ruby-2.0.0/ruby/backward -I/home/anna/.rvm/rubies/ruby-2.0.0-p247/include/ruby-2.0.0 -I.     -O3 -fno-fast-math -ggdb3 -Wall -Wextra -Wno-unused-parameter -Wno-parentheses -Wno-long-long -Wno-missing-field-initializers -Wunused-variable -Wpointer-arith -Wwrite-strings -Wdeclaration-after-statement -Wimplicit-function-declaration  -fPIC   -c conftest.c"
conftest.c:3:23: fatal error: mach/mach.h: Нет такого файла или каталога
compilation terminated.
checked program was:
/* begin */
1: #include "ruby.h"
2: 
3: #include <mach/mach.h>
4: #include <mach/mach_host.h>
5: 
6: /*top*/
7: typedef int conftest_type;
8: conftest_type conftestval = (int)TASK_BASIC_INFO;
/* end */

--------------------

have_const: checking for HOST_VM_INFO in mach/mach.h,mach/mach_host.h... -------------------- no

"gcc -I/home/anna/.rvm/rubies/ruby-2.0.0-p247/include/ruby-2.0.0/x86_64-linux -I/home/anna/.rvm/rubies/ruby-2.0.0-p247/include/ruby-2.0.0/ruby/backward -I/home/anna/.rvm/rubies/ruby-2.0.0-p247/include/ruby-2.0.0 -I.     -O3 -fno-fast-math -ggdb3 -Wall -Wextra -Wno-unused-parameter -Wno-parentheses -Wno-long-long -Wno-missing-field-initializers -Wunused-variable -Wpointer-arith -Wwrite-strings -Wdeclaration-after-statement -Wimplicit-function-declaration  -fPIC   -c conftest.c"
conftest.c:3:23: fatal error: mach/mach.h: Нет такого файла или каталога
compilation terminated.
checked program was:
/* begin */
1: #include "ruby.h"
2: 
3: #include <mach/mach.h>
4: #include <mach/mach_host.h>
5: 
6: /*top*/
7: typedef int conftest_type;
8: conftest_type conftestval = (int)HOST_VM_INFO;
/* end */

--------------------

have_const: checking for CPU_STATE_MAX in mach/mach.h,mach/mach_host.h... -------------------- no

"gcc -I/home/anna/.rvm/rubies/ruby-2.0.0-p247/include/ruby-2.0.0/x86_64-linux -I/home/anna/.rvm/rubies/ruby-2.0.0-p247/include/ruby-2.0.0/ruby/backward -I/home/anna/.rvm/rubies/ruby-2.0.0-p247/include/ruby-2.0.0 -I.     -O3 -fno-fast-math -ggdb3 -Wall -Wextra -Wno-unused-parameter -Wno-parentheses -Wno-long-long -Wno-missing-field-initializers -Wunused-variable -Wpointer-arith -Wwrite-strings -Wdeclaration-after-statement -Wimplicit-function-declaration  -fPIC   -c conftest.c"
conftest.c:3:23: fatal error: mach/mach.h: Нет такого файла или каталога
compilation terminated.
checked program was:
/* begin */
1: #include "ruby.h"
2: 
3: #include <mach/mach.h>
4: #include <mach/mach_host.h>
5: 
6: /*top*/
7: typedef int conftest_type;
8: conftest_type conftestval = (int)CPU_STATE_MAX;
/* end */

--------------------

have_const: checking for PROCESSOR_CPU_LOAD_INFO in mach/mach.h,mach/mach_host.h... -------------------- no

"gcc -I/home/anna/.rvm/rubies/ruby-2.0.0-p247/include/ruby-2.0.0/x86_64-linux -I/home/anna/.rvm/rubies/ruby-2.0.0-p247/include/ruby-2.0.0/ruby/backward -I/home/anna/.rvm/rubies/ruby-2.0.0-p247/include/ruby-2.0.0 -I.     -O3 -fno-fast-math -ggdb3 -Wall -Wextra -Wno-unused-parameter -Wno-parentheses -Wno-long-long -Wno-missing-field-initializers -Wunused-variable -Wpointer-arith -Wwrite-strings -Wdeclaration-after-statement -Wimplicit-function-declaration  -fPIC   -c conftest.c"
conftest.c:3:23: fatal error: mach/mach.h: Нет такого файла или каталога
compilation terminated.
checked program was:
/* begin */
1: #include "ruby.h"
2: 
3: #include <mach/mach.h>
4: #include <mach/mach_host.h>
5: 
6: /*top*/
7: typedef int conftest_type;
8: conftest_type conftestval = (int)PROCESSOR_CPU_LOAD_INFO;
/* end */

--------------------

have_const: checking for CPU_STATE_USER in mach/mach.h,mach/mach_host.h... -------------------- no

"gcc -I/home/anna/.rvm/rubies/ruby-2.0.0-p247/include/ruby-2.0.0/x86_64-linux -I/home/anna/.rvm/rubies/ruby-2.0.0-p247/include/ruby-2.0.0/ruby/backward -I/home/anna/.rvm/rubies/ruby-2.0.0-p247/include/ruby-2.0.0 -I.     -O3 -fno-fast-math -ggdb3 -Wall -Wextra -Wno-unused-parameter -Wno-parentheses -Wno-long-long -Wno-missing-field-initializers -Wunused-variable -Wpointer-arith -Wwrite-strings -Wdeclaration-after-statement -Wimplicit-function-declaration  -fPIC   -c conftest.c"
conftest.c:3:23: fatal error: mach/mach.h: Нет такого файла или каталога
compilation terminated.
checked program was:
/* begin */
1: #include "ruby.h"
2: 
3: #include <mach/mach.h>
4: #include <mach/mach_host.h>
5: 
6: /*top*/
7: typedef int conftest_type;
8: conftest_type conftestval = (int)CPU_STATE_USER;
/* end */

--------------------

have_const: checking for CPU_STATE_SYSTEM in mach/mach.h,mach/mach_host.h... -------------------- no

"gcc -I/home/anna/.rvm/rubies/ruby-2.0.0-p247/include/ruby-2.0.0/x86_64-linux -I/home/anna/.rvm/rubies/ruby-2.0.0-p247/include/ruby-2.0.0/ruby/backward -I/home/anna/.rvm/rubies/ruby-2.0.0-p247/include/ruby-2.0.0 -I.     -O3 -fno-fast-math -ggdb3 -Wall -Wextra -Wno-unused-parameter -Wno-parentheses -Wno-long-long -Wno-missing-field-initializers -Wunused-variable -Wpointer-arith -Wwrite-strings -Wdeclaration-after-statement -Wimplicit-function-declaration  -fPIC   -c conftest.c"
conftest.c:3:23: fatal error: mach/mach.h: Нет такого файла или каталога
compilation terminated.
checked program was:
/* begin */
1: #include "ruby.h"
2: 
3: #include <mach/mach.h>
4: #include <mach/mach_host.h>
5: 
6: /*top*/
7: typedef int conftest_type;
8: conftest_type conftestval = (int)CPU_STATE_SYSTEM;
/* end */

--------------------

have_const: checking for CPU_STATE_NICE in mach/mach.h,mach/mach_host.h... -------------------- no

"gcc -I/home/anna/.rvm/rubies/ruby-2.0.0-p247/include/ruby-2.0.0/x86_64-linux -I/home/anna/.rvm/rubies/ruby-2.0.0-p247/include/ruby-2.0.0/ruby/backward -I/home/anna/.rvm/rubies/ruby-2.0.0-p247/include/ruby-2.0.0 -I.     -O3 -fno-fast-math -ggdb3 -Wall -Wextra -Wno-unused-parameter -Wno-parentheses -Wno-long-long -Wno-missing-field-initializers -Wunused-variable -Wpointer-arith -Wwrite-strings -Wdeclaration-after-statement -Wimplicit-function-declaration  -fPIC   -c conftest.c"
conftest.c:3:23: fatal error: mach/mach.h: Нет такого файла или каталога
compilation terminated.
checked program was:
/* begin */
1: #include "ruby.h"
2: 
3: #include <mach/mach.h>
4: #include <mach/mach_host.h>
5: 
6: /*top*/
7: typedef int conftest_type;
8: conftest_type conftestval = (int)CPU_STATE_NICE;
/* end */

--------------------

have_const: checking for CPU_STATE_IDLE in mach/mach.h,mach/mach_host.h... -------------------- no

"gcc -I/home/anna/.rvm/rubies/ruby-2.0.0-p247/include/ruby-2.0.0/x86_64-linux -I/home/anna/.rvm/rubies/ruby-2.0.0-p247/include/ruby-2.0.0/ruby/backward -I/home/anna/.rvm/rubies/ruby-2.0.0-p247/include/ruby-2.0.0 -I.     -O3 -fno-fast-math -ggdb3 -Wall -Wextra -Wno-unused-parameter -Wno-parentheses -Wno-long-long -Wno-missing-field-initializers -Wunused-variable -Wpointer-arith -Wwrite-strings -Wdeclaration-after-statement -Wimplicit-function-declaration  -fPIC   -c conftest.c"
conftest.c:3:23: fatal error: mach/mach.h: Нет такого файла или каталога
compilation terminated.
checked program was:
/* begin */
1: #include "ruby.h"
2: 
3: #include <mach/mach.h>
4: #include <mach/mach_host.h>
5: 
6: /*top*/
7: typedef int conftest_type;
8: conftest_type conftestval = (int)CPU_STATE_IDLE;
/* end */

--------------------

have_header: checking for sys/param.h... -------------------- yes

"gcc -E -I/home/anna/.rvm/rubies/ruby-2.0.0-p247/include/ruby-2.0.0/x86_64-linux -I/home/anna/.rvm/rubies/ruby-2.0.0-p247/include/ruby-2.0.0/ruby/backward -I/home/anna/.rvm/rubies/ruby-2.0.0-p247/include/ruby-2.0.0 -I.     -O3 -fno-fast-math -ggdb3 -Wall -Wextra -Wno-unused-parameter -Wno-parentheses -Wno-long-long -Wno-missing-field-initializers -Wunused-variable -Wpointer-arith -Wwrite-strings -Wdeclaration-after-statement -Wimplicit-function-declaration  -fPIC  conftest.c -o conftest.i"
checked program was:
/* begin */
1: #include "ruby.h"
2: 
3: #include <sys/param.h>
/* end */

--------------------

have_header: checking for sys/mount.h... -------------------- yes

"gcc -E -I/home/anna/.rvm/rubies/ruby-2.0.0-p247/include/ruby-2.0.0/x86_64-linux -I/home/anna/.rvm/rubies/ruby-2.0.0-p247/include/ruby-2.0.0/ruby/backward -I/home/anna/.rvm/rubies/ruby-2.0.0-p247/include/ruby-2.0.0 -I.     -O3 -fno-fast-math -ggdb3 -Wall -Wextra -Wno-unused-parameter -Wno-parentheses -Wno-long-long -Wno-missing-field-initializers -Wunused-variable -Wpointer-arith -Wwrite-strings -Wdeclaration-after-statement -Wimplicit-function-declaration  -fPIC  conftest.c -o conftest.i"
checked program was:
/* begin */
1: #include "ruby.h"
2: 
3: #include <sys/mount.h>
/* end */

--------------------

have_header: checking for sys/statfs.h... -------------------- yes

"gcc -E -I/home/anna/.rvm/rubies/ruby-2.0.0-p247/include/ruby-2.0.0/x86_64-linux -I/home/anna/.rvm/rubies/ruby-2.0.0-p247/include/ruby-2.0.0/ruby/backward -I/home/anna/.rvm/rubies/ruby-2.0.0-p247/include/ruby-2.0.0 -I.     -O3 -fno-fast-math -ggdb3 -Wall -Wextra -Wno-unused-parameter -Wno-parentheses -Wno-long-long -Wno-missing-field-initializers -Wunused-variable -Wpointer-arith -Wwrite-strings -Wdeclaration-after-statement -Wimplicit-function-declaration  -fPIC  conftest.c -o conftest.i"
checked program was:
/* begin */
1: #include "ruby.h"
2: 
3: #include <sys/statfs.h>
/* end */

--------------------

have_func: checking for statfs()... -------------------- yes

"gcc -o conftest -I/home/anna/.rvm/rubies/ruby-2.0.0-p247/include/ruby-2.0.0/x86_64-linux -I/home/anna/.rvm/rubies/ruby-2.0.0-p247/include/ruby-2.0.0/ruby/backward -I/home/anna/.rvm/rubies/ruby-2.0.0-p247/include/ruby-2.0.0 -I.     -O3 -fno-fast-math -ggdb3 -Wall -Wextra -Wno-unused-parameter -Wno-parentheses -Wno-long-long -Wno-missing-field-initializers -Wunused-variable -Wpointer-arith -Wwrite-strings -Wdeclaration-after-statement -Wimplicit-function-declaration  -fPIC conftest.c  -L. -L/home/anna/.rvm/rubies/ruby-2.0.0-p247/lib -Wl,-R/home/anna/.rvm/rubies/ruby-2.0.0-p247/lib -L. -fstack-protector -rdynamic -Wl,-export-dynamic     '-Wl,-rpath,/../lib' -Wl,-R -Wl,/home/anna/.rvm/rubies/ruby-2.0.0-p247/lib -L/home/anna/.rvm/rubies/ruby-2.0.0-p247/lib -lruby  -lpthread -lrt -ldl -lcrypt -lm   -lc"
conftest.c: In function ‘t’:
conftest.c:5:57: error: ‘statfs’ undeclared (first use in this function)
conftest.c:5:57: note: each undeclared identifier is reported only once for each function it appears in
conftest.c:5:32: warning: variable ‘p’ set but not used [-Wunused-but-set-variable]
checked program was:
/* begin */
 1: #include "ruby.h"
 2: 
 3: /*top*/
 4: extern int t(void);
 5: int t(void) { void ((*volatile p)()); p = (void ((*)()))statfs; return 0; }
 6: int main(int argc, char **argv)
 7: {
 8:   if (argc > 1000000) {
 9:     printf("%p", &t);
10:   }
11: 
12:   return 0;
13: }
/* end */

"gcc -o conftest -I/home/anna/.rvm/rubies/ruby-2.0.0-p247/include/ruby-2.0.0/x86_64-linux -I/home/anna/.rvm/rubies/ruby-2.0.0-p247/include/ruby-2.0.0/ruby/backward -I/home/anna/.rvm/rubies/ruby-2.0.0-p247/include/ruby-2.0.0 -I.     -O3 -fno-fast-math -ggdb3 -Wall -Wextra -Wno-unused-parameter -Wno-parentheses -Wno-long-long -Wno-missing-field-initializers -Wunused-variable -Wpointer-arith -Wwrite-strings -Wdeclaration-after-statement -Wimplicit-function-declaration  -fPIC conftest.c  -L. -L/home/anna/.rvm/rubies/ruby-2.0.0-p247/lib -Wl,-R/home/anna/.rvm/rubies/ruby-2.0.0-p247/lib -L. -fstack-protector -rdynamic -Wl,-export-dynamic     '-Wl,-rpath,/../lib' -Wl,-R -Wl,/home/anna/.rvm/rubies/ruby-2.0.0-p247/lib -L/home/anna/.rvm/rubies/ruby-2.0.0-p247/lib -lruby  -lpthread -lrt -ldl -lcrypt -lm   -lc"
conftest.c: In function ‘t’:
conftest.c:5:1: warning: implicit declaration of function ‘statfs’ [-Wimplicit-function-declaration]
checked program was:
/* begin */
 1: #include "ruby.h"
 2: 
 3: /*top*/
 4: extern int t(void);
 5: int t(void) { statfs(); return 0; }
 6: int main(int argc, char **argv)
 7: {
 8:   if (argc > 1000000) {
 9:     printf("%p", &t);
10:   }
11: 
12:   return 0;
13: }
/* end */

--------------------

have_header: checking for unistd.h... -------------------- yes

"gcc -E -I/home/anna/.rvm/rubies/ruby-2.0.0-p247/include/ruby-2.0.0/x86_64-linux -I/home/anna/.rvm/rubies/ruby-2.0.0-p247/include/ruby-2.0.0/ruby/backward -I/home/anna/.rvm/rubies/ruby-2.0.0-p247/include/ruby-2.0.0 -I.     -O3 -fno-fast-math -ggdb3 -Wall -Wextra -Wno-unused-parameter -Wno-parentheses -Wno-long-long -Wno-missing-field-initializers -Wunused-variable -Wpointer-arith -Wwrite-strings -Wdeclaration-after-statement -Wimplicit-function-declaration  -fPIC  conftest.c -o conftest.i"
checked program was:
/* begin */
1: #include "ruby.h"
2: 
3: #include <unistd.h>
/* end */

--------------------

have_header: checking for sys/sysctl.h... -------------------- yes

"gcc -E -I/home/anna/.rvm/rubies/ruby-2.0.0-p247/include/ruby-2.0.0/x86_64-linux -I/home/anna/.rvm/rubies/ruby-2.0.0-p247/include/ruby-2.0.0/ruby/backward -I/home/anna/.rvm/rubies/ruby-2.0.0-p247/include/ruby-2.0.0 -I.     -O3 -fno-fast-math -ggdb3 -Wall -Wextra -Wno-unused-parameter -Wno-parentheses -Wno-long-long -Wno-missing-field-initializers -Wunused-variable -Wpointer-arith -Wwrite-strings -Wdeclaration-after-statement -Wimplicit-function-declaration  -fPIC  conftest.c -o conftest.i"
checked program was:
/* begin */
1: #include "ruby.h"
2: 
3: #include <sys/sysctl.h>
/* end */

--------------------

have_header: checking for sys/types.h... -------------------- yes

"gcc -E -I/home/anna/.rvm/rubies/ruby-2.0.0-p247/include/ruby-2.0.0/x86_64-linux -I/home/anna/.rvm/rubies/ruby-2.0.0-p247/include/ruby-2.0.0/ruby/backward -I/home/anna/.rvm/rubies/ruby-2.0.0-p247/include/ruby-2.0.0 -I.     -O3 -fno-fast-math -ggdb3 -Wall -Wextra -Wno-unused-parameter -Wno-parentheses -Wno-long-long -Wno-missing-field-initializers -Wunused-variable -Wpointer-arith -Wwrite-strings -Wdeclaration-after-statement -Wimplicit-function-declaration  -fPIC  conftest.c -o conftest.i"
checked program was:
/* begin */
1: #include "ruby.h"
2: 
3: #include <sys/types.h>
/* end */

--------------------

have_header: checking for sys/socket.h... -------------------- yes

"gcc -E -I/home/anna/.rvm/rubies/ruby-2.0.0-p247/include/ruby-2.0.0/x86_64-linux -I/home/anna/.rvm/rubies/ruby-2.0.0-p247/include/ruby-2.0.0/ruby/backward -I/home/anna/.rvm/rubies/ruby-2.0.0-p247/include/ruby-2.0.0 -I.     -O3 -fno-fast-math -ggdb3 -Wall -Wextra -Wno-unused-parameter -Wno-parentheses -Wno-long-long -Wno-missing-field-initializers -Wunused-variable -Wpointer-arith -Wwrite-strings -Wdeclaration-after-statement -Wimplicit-function-declaration  -fPIC  conftest.c -o conftest.i"
checked program was:
/* begin */
1: #include "ruby.h"
2: 
3: #include <sys/socket.h>
/* end */

--------------------

have_header: checking for net/if.h... -------------------- yes

"gcc -E -I/home/anna/.rvm/rubies/ruby-2.0.0-p247/include/ruby-2.0.0/x86_64-linux -I/home/anna/.rvm/rubies/ruby-2.0.0-p247/include/ruby-2.0.0/ruby/backward -I/home/anna/.rvm/rubies/ruby-2.0.0-p247/include/ruby-2.0.0 -I.     -O3 -fno-fast-math -ggdb3 -Wall -Wextra -Wno-unused-parameter -Wno-parentheses -Wno-long-long -Wno-missing-field-initializers -Wunused-variable -Wpointer-arith -Wwrite-strings -Wdeclaration-after-statement -Wimplicit-function-declaration  -fPIC  conftest.c -o conftest.i"
checked program was:
/* begin */
1: #include "ruby.h"
2: 
3: #include <net/if.h>
/* end */

--------------------

have_header: checking for net/if_mib.h... -------------------- no

"gcc -E -I/home/anna/.rvm/rubies/ruby-2.0.0-p247/include/ruby-2.0.0/x86_64-linux -I/home/anna/.rvm/rubies/ruby-2.0.0-p247/include/ruby-2.0.0/ruby/backward -I/home/anna/.rvm/rubies/ruby-2.0.0-p247/include/ruby-2.0.0 -I.     -O3 -fno-fast-math -ggdb3 -Wall -Wextra -Wno-unused-parameter -Wno-parentheses -Wno-long-long -Wno-missing-field-initializers -Wunused-variable -Wpointer-arith -Wwrite-strings -Wdeclaration-after-statement -Wimplicit-function-declaration  -fPIC  conftest.c -o conftest.i"
conftest.c:3:24: fatal error: net/if_mib.h: Нет такого файла или каталога
compilation terminated.
checked program was:
/* begin */
1: #include "ruby.h"
2: 
3: #include <net/if_mib.h>
/* end */

--------------------

have_header: checking for net/if_types.h... -------------------- no

"gcc -E -I/home/anna/.rvm/rubies/ruby-2.0.0-p247/include/ruby-2.0.0/x86_64-linux -I/home/anna/.rvm/rubies/ruby-2.0.0-p247/include/ruby-2.0.0/ruby/backward -I/home/anna/.rvm/rubies/ruby-2.0.0-p247/include/ruby-2.0.0 -I.     -O3 -fno-fast-math -ggdb3 -Wall -Wextra -Wno-unused-parameter -Wno-parentheses -Wno-long-long -Wno-missing-field-initializers -Wunused-variable -Wpointer-arith -Wwrite-strings -Wdeclaration-after-statement -Wimplicit-function-declaration  -fPIC  conftest.c -o conftest.i"
conftest.c:3:26: fatal error: net/if_types.h: Нет такого файла или каталога
compilation terminated.
checked program was:
/* begin */
1: #include "ruby.h"
2: 
3: #include <net/if_types.h>
/* end */

--------------------

have_func: checking for getloadavg()... -------------------- yes

"gcc -o conftest -I/home/anna/.rvm/rubies/ruby-2.0.0-p247/include/ruby-2.0.0/x86_64-linux -I/home/anna/.rvm/rubies/ruby-2.0.0-p247/include/ruby-2.0.0/ruby/backward -I/home/anna/.rvm/rubies/ruby-2.0.0-p247/include/ruby-2.0.0 -I.     -O3 -fno-fast-math -ggdb3 -Wall -Wextra -Wno-unused-parameter -Wno-parentheses -Wno-long-long -Wno-missing-field-initializers -Wunused-variable -Wpointer-arith -Wwrite-strings -Wdeclaration-after-statement -Wimplicit-function-declaration  -fPIC conftest.c  -L. -L/home/anna/.rvm/rubies/ruby-2.0.0-p247/lib -Wl,-R/home/anna/.rvm/rubies/ruby-2.0.0-p247/lib -L. -fstack-protector -rdynamic -Wl,-export-dynamic     '-Wl,-rpath,/../lib' -Wl,-R -Wl,/home/anna/.rvm/rubies/ruby-2.0.0-p247/lib -L/home/anna/.rvm/rubies/ruby-2.0.0-p247/lib -lruby  -lpthread -lrt -ldl -lcrypt -lm   -lc"
conftest.c: In function ‘t’:
conftest.c:5:32: warning: variable ‘p’ set but not used [-Wunused-but-set-variable]
checked program was:
/* begin */
 1: #include "ruby.h"
 2: 
 3: /*top*/
 4: extern int t(void);
 5: int t(void) { void ((*volatile p)()); p = (void ((*)()))getloadavg; return 0; }
 6: int main(int argc, char **argv)
 7: {
 8:   if (argc > 1000000) {
 9:     printf("%p", &t);
10:   }
11: 
12:   return 0;
13: }
/* end */

--------------------

have_func: checking for sysctl()... -------------------- yes

"gcc -o conftest -I/home/anna/.rvm/rubies/ruby-2.0.0-p247/include/ruby-2.0.0/x86_64-linux -I/home/anna/.rvm/rubies/ruby-2.0.0-p247/include/ruby-2.0.0/ruby/backward -I/home/anna/.rvm/rubies/ruby-2.0.0-p247/include/ruby-2.0.0 -I.     -O3 -fno-fast-math -ggdb3 -Wall -Wextra -Wno-unused-parameter -Wno-parentheses -Wno-long-long -Wno-missing-field-initializers -Wunused-variable -Wpointer-arith -Wwrite-strings -Wdeclaration-after-statement -Wimplicit-function-declaration  -fPIC conftest.c  -L. -L/home/anna/.rvm/rubies/ruby-2.0.0-p247/lib -Wl,-R/home/anna/.rvm/rubies/ruby-2.0.0-p247/lib -L. -fstack-protector -rdynamic -Wl,-export-dynamic     '-Wl,-rpath,/../lib' -Wl,-R -Wl,/home/anna/.rvm/rubies/ruby-2.0.0-p247/lib -L/home/anna/.rvm/rubies/ruby-2.0.0-p247/lib -lruby  -lpthread -lrt -ldl -lcrypt -lm   -lc"
conftest.c: In function ‘t’:
conftest.c:5:57: error: ‘sysctl’ undeclared (first use in this function)
conftest.c:5:57: note: each undeclared identifier is reported only once for each function it appears in
conftest.c:5:32: warning: variable ‘p’ set but not used [-Wunused-but-set-variable]
checked program was:
/* begin */
 1: #include "ruby.h"
 2: 
 3: /*top*/
 4: extern int t(void);
 5: int t(void) { void ((*volatile p)()); p = (void ((*)()))sysctl; return 0; }
 6: int main(int argc, char **argv)
 7: {
 8:   if (argc > 1000000) {
 9:     printf("%p", &t);
10:   }
11: 
12:   return 0;
13: }
/* end */

"gcc -o conftest -I/home/anna/.rvm/rubies/ruby-2.0.0-p247/include/ruby-2.0.0/x86_64-linux -I/home/anna/.rvm/rubies/ruby-2.0.0-p247/include/ruby-2.0.0/ruby/backward -I/home/anna/.rvm/rubies/ruby-2.0.0-p247/include/ruby-2.0.0 -I.     -O3 -fno-fast-math -ggdb3 -Wall -Wextra -Wno-unused-parameter -Wno-parentheses -Wno-long-long -Wno-missing-field-initializers -Wunused-variable -Wpointer-arith -Wwrite-strings -Wdeclaration-after-statement -Wimplicit-function-declaration  -fPIC conftest.c  -L. -L/home/anna/.rvm/rubies/ruby-2.0.0-p247/lib -Wl,-R/home/anna/.rvm/rubies/ruby-2.0.0-p247/lib -L. -fstack-protector -rdynamic -Wl,-export-dynamic     '-Wl,-rpath,/../lib' -Wl,-R -Wl,/home/anna/.rvm/rubies/ruby-2.0.0-p247/lib -L/home/anna/.rvm/rubies/ruby-2.0.0-p247/lib -lruby  -lpthread -lrt -ldl -lcrypt -lm   -lc"
conftest.c: In function ‘t’:
conftest.c:5:1: warning: implicit declaration of function ‘sysctl’ [-Wimplicit-function-declaration]
checked program was:
/* begin */
 1: #include "ruby.h"
 2: 
 3: /*top*/
 4: extern int t(void);
 5: int t(void) { sysctl(); return 0; }
 6: int main(int argc, char **argv)
 7: {
 8:   if (argc > 1000000) {
 9:     printf("%p", &t);
10:   }
11: 
12:   return 0;
13: }
/* end */

--------------------

have_type: checking for struct ifmibdata in unistd.h,sys/sysctl.h,sys/types.h,sys/socket.h,net/if.h,net/if_mib.h,net/if_types.h... -------------------- no

"gcc -I/home/anna/.rvm/rubies/ruby-2.0.0-p247/include/ruby-2.0.0/x86_64-linux -I/home/anna/.rvm/rubies/ruby-2.0.0-p247/include/ruby-2.0.0/ruby/backward -I/home/anna/.rvm/rubies/ruby-2.0.0-p247/include/ruby-2.0.0 -I.     -O3 -fno-fast-math -ggdb3 -Wall -Wextra -Wno-unused-parameter -Wno-parentheses -Wno-long-long -Wno-missing-field-initializers -Wunused-variable -Wpointer-arith -Wwrite-strings -Wdeclaration-after-statement -Wimplicit-function-declaration  -fPIC   -c conftest.c"
conftest.c:8:24: fatal error: net/if_mib.h: Нет такого файла или каталога
compilation terminated.
checked program was:
/* begin */
 1: #include "ruby.h"
 2: 
 3: #include <unistd.h>
 4: #include <sys/sysctl.h>
 5: #include <sys/types.h>
 6: #include <sys/socket.h>
 7: #include <net/if.h>
 8: #include <net/if_mib.h>
 9: #include <net/if_types.h>
10: 
11: /*top*/
12: typedef struct ifmibdata conftest_type;
13: int conftestval[sizeof(conftest_type)?1:-1];
/* end */

--------------------

have_const: checking for CTL_NET in unistd.h,sys/sysctl.h,sys/types.h,sys/socket.h,net/if.h,net/if_mib.h,net/if_types.h... -------------------- no

"gcc -I/home/anna/.rvm/rubies/ruby-2.0.0-p247/include/ruby-2.0.0/x86_64-linux -I/home/anna/.rvm/rubies/ruby-2.0.0-p247/include/ruby-2.0.0/ruby/backward -I/home/anna/.rvm/rubies/ruby-2.0.0-p247/include/ruby-2.0.0 -I.     -O3 -fno-fast-math -ggdb3 -Wall -Wextra -Wno-unused-parameter -Wno-parentheses -Wno-long-long -Wno-missing-field-initializers -Wunused-variable -Wpointer-arith -Wwrite-strings -Wdeclaration-after-statement -Wimplicit-function-declaration  -fPIC   -c conftest.c"
conftest.c:8:24: fatal error: net/if_mib.h: Нет такого файла или каталога
compilation terminated.
checked program was:
/* begin */
 1: #include "ruby.h"
 2: 
 3: #include <unistd.h>
 4: #include <sys/sysctl.h>
 5: #include <sys/types.h>
 6: #include <sys/socket.h>
 7: #include <net/if.h>
 8: #include <net/if_mib.h>
 9: #include <net/if_types.h>
10: 
11: /*top*/
12: typedef int conftest_type;
13: conftest_type conftestval = (int)CTL_NET;
/* end */

--------------------

have_const: checking for PF_LINK in unistd.h,sys/sysctl.h,sys/types.h,sys/socket.h,net/if.h,net/if_mib.h,net/if_types.h... -------------------- no

"gcc -I/home/anna/.rvm/rubies/ruby-2.0.0-p247/include/ruby-2.0.0/x86_64-linux -I/home/anna/.rvm/rubies/ruby-2.0.0-p247/include/ruby-2.0.0/ruby/backward -I/home/anna/.rvm/rubies/ruby-2.0.0-p247/include/ruby-2.0.0 -I.     -O3 -fno-fast-math -ggdb3 -Wall -Wextra -Wno-unused-parameter -Wno-parentheses -Wno-long-long -Wno-missing-field-initializers -Wunused-variable -Wpointer-arith -Wwrite-strings -Wdeclaration-after-statement -Wimplicit-function-declaration  -fPIC   -c conftest.c"
conftest.c:8:24: fatal error: net/if_mib.h: Нет такого файла или каталога
compilation terminated.
checked program was:
/* begin */
 1: #include "ruby.h"
 2: 
 3: #include <unistd.h>
 4: #include <sys/sysctl.h>
 5: #include <sys/types.h>
 6: #include <sys/socket.h>
 7: #include <net/if.h>
 8: #include <net/if_mib.h>
 9: #include <net/if_types.h>
10: 
11: /*top*/
12: typedef int conftest_type;
13: conftest_type conftestval = (int)PF_LINK;
/* end */

--------------------

have_const: checking for NETLINK_GENERIC in unistd.h,sys/sysctl.h,sys/types.h,sys/socket.h,net/if.h,net/if_mib.h,net/if_types.h... -------------------- no

"gcc -I/home/anna/.rvm/rubies/ruby-2.0.0-p247/include/ruby-2.0.0/x86_64-linux -I/home/anna/.rvm/rubies/ruby-2.0.0-p247/include/ruby-2.0.0/ruby/backward -I/home/anna/.rvm/rubies/ruby-2.0.0-p247/include/ruby-2.0.0 -I.     -O3 -fno-fast-math -ggdb3 -Wall -Wextra -Wno-unused-parameter -Wno-parentheses -Wno-long-long -Wno-missing-field-initializers -Wunused-variable -Wpointer-arith -Wwrite-strings -Wdeclaration-after-statement -Wimplicit-function-declaration  -fPIC   -c conftest.c"
conftest.c:8:24: fatal error: net/if_mib.h: Нет такого файла или каталога
compilation terminated.
checked program was:
/* begin */
 1: #include "ruby.h"
 2: 
 3: #include <unistd.h>
 4: #include <sys/sysctl.h>
 5: #include <sys/types.h>
 6: #include <sys/socket.h>
 7: #include <net/if.h>
 8: #include <net/if_mib.h>
 9: #include <net/if_types.h>
10: 
11: /*top*/
12: typedef int conftest_type;
13: conftest_type conftestval = (int)NETLINK_GENERIC;
/* end */

--------------------

have_const: checking for IFMIB_IFDATA in unistd.h,sys/sysctl.h,sys/types.h,sys/socket.h,net/if.h,net/if_mib.h,net/if_types.h... -------------------- no

"gcc -I/home/anna/.rvm/rubies/ruby-2.0.0-p247/include/ruby-2.0.0/x86_64-linux -I/home/anna/.rvm/rubies/ruby-2.0.0-p247/include/ruby-2.0.0/ruby/backward -I/home/anna/.rvm/rubies/ruby-2.0.0-p247/include/ruby-2.0.0 -I.     -O3 -fno-fast-math -ggdb3 -Wall -Wextra -Wno-unused-parameter -Wno-parentheses -Wno-long-long -Wno-missing-field-initializers -Wunused-variable -Wpointer-arith -Wwrite-strings -Wdeclaration-after-statement -Wimplicit-function-declaration  -fPIC   -c conftest.c"
conftest.c:8:24: fatal error: net/if_mib.h: Нет такого файла или каталога
compilation terminated.
checked program was:
/* begin */
 1: #include "ruby.h"
 2: 
 3: #include <unistd.h>
 4: #include <sys/sysctl.h>
 5: #include <sys/types.h>
 6: #include <sys/socket.h>
 7: #include <net/if.h>
 8: #include <net/if_mib.h>
 9: #include <net/if_types.h>
10: 
11: /*top*/
12: typedef int conftest_type;
13: conftest_type conftestval = (int)IFMIB_IFDATA;
/* end */

--------------------

have_const: checking for IFDATA_GENERAL in unistd.h,sys/sysctl.h,sys/types.h,sys/socket.h,net/if.h,net/if_mib.h,net/if_types.h... -------------------- no

"gcc -I/home/anna/.rvm/rubies/ruby-2.0.0-p247/include/ruby-2.0.0/x86_64-linux -I/home/anna/.rvm/rubies/ruby-2.0.0-p247/include/ruby-2.0.0/ruby/backward -I/home/anna/.rvm/rubies/ruby-2.0.0-p247/include/ruby-2.0.0 -I.     -O3 -fno-fast-math -ggdb3 -Wall -Wextra -Wno-unused-parameter -Wno-parentheses -Wno-long-long -Wno-missing-field-initializers -Wunused-variable -Wpointer-arith -Wwrite-strings -Wdeclaration-after-statement -Wimplicit-function-declaration  -fPIC   -c conftest.c"
conftest.c:8:24: fatal error: net/if_mib.h: Нет такого файла или каталога
compilation terminated.
checked program was:
/* begin */
 1: #include "ruby.h"
 2: 
 3: #include <unistd.h>
 4: #include <sys/sysctl.h>
 5: #include <sys/types.h>
 6: #include <sys/socket.h>
 7: #include <net/if.h>
 8: #include <net/if_mib.h>
 9: #include <net/if_types.h>
10: 
11: /*top*/
12: typedef int conftest_type;
13: conftest_type conftestval = (int)IFDATA_GENERAL;
/* end */

--------------------

have_const: checking for CTL_KERN in unistd.h,sys/sysctl.h,sys/types.h,sys/socket.h,net/if.h,net/if_mib.h,net/if_types.h... -------------------- no

"gcc -I/home/anna/.rvm/rubies/ruby-2.0.0-p247/include/ruby-2.0.0/x86_64-linux -I/home/anna/.rvm/rubies/ruby-2.0.0-p247/include/ruby-2.0.0/ruby/backward -I/home/anna/.rvm/rubies/ruby-2.0.0-p247/include/ruby-2.0.0 -I.     -O3 -fno-fast-math -ggdb3 -Wall -Wextra -Wno-unused-parameter -Wno-parentheses -Wno-long-long -Wno-missing-field-initializers -Wunused-variable -Wpointer-arith -Wwrite-strings -Wdeclaration-after-statement -Wimplicit-function-declaration  -fPIC   -c conftest.c"
conftest.c:8:24: fatal error: net/if_mib.h: Нет такого файла или каталога
compilation terminated.
checked program was:
/* begin */
 1: #include "ruby.h"
 2: 
 3: #include <unistd.h>
 4: #include <sys/sysctl.h>
 5: #include <sys/types.h>
 6: #include <sys/socket.h>
 7: #include <net/if.h>
 8: #include <net/if_mib.h>
 9: #include <net/if_types.h>
10: 
11: /*top*/
12: typedef int conftest_type;
13: conftest_type conftestval = (int)CTL_KERN;
/* end */

--------------------

have_const: checking for KERN_BOOTTIME in unistd.h,sys/sysctl.h,sys/types.h,sys/socket.h,net/if.h,net/if_mib.h,net/if_types.h... -------------------- no

"gcc -I/home/anna/.rvm/rubies/ruby-2.0.0-p247/include/ruby-2.0.0/x86_64-linux -I/home/anna/.rvm/rubies/ruby-2.0.0-p247/include/ruby-2.0.0/ruby/backward -I/home/anna/.rvm/rubies/ruby-2.0.0-p247/include/ruby-2.0.0 -I.     -O3 -fno-fast-math -ggdb3 -Wall -Wextra -Wno-unused-parameter -Wno-parentheses -Wno-long-long -Wno-missing-field-initializers -Wunused-variable -Wpointer-arith -Wwrite-strings -Wdeclaration-after-statement -Wimplicit-function-declaration  -fPIC   -c conftest.c"
conftest.c:8:24: fatal error: net/if_mib.h: Нет такого файла или каталога
compilation terminated.
checked program was:
/* begin */
 1: #include "ruby.h"
 2: 
 3: #include <unistd.h>
 4: #include <sys/sysctl.h>
 5: #include <sys/types.h>
 6: #include <sys/socket.h>
 7: #include <net/if.h>
 8: #include <net/if_mib.h>
 9: #include <net/if_types.h>
10: 
11: /*top*/
12: typedef int conftest_type;
13: conftest_type conftestval = (int)KERN_BOOTTIME;
/* end */

--------------------

"sysctl vm.stats.vm.v_page_size"
extconf.h is:
/* begin */
 1: #ifndef EXTCONF_H
 2: #define EXTCONF_H
 3: #define HAVE_UNISTD_H 1
 4: #define HAVE_GETPAGESIZE 1
 5: #define HAVE_STDLIB_H 1
 6: #define HAVE_GETLOADAVG 1
 7: #define HAVE_SYS_PARAM_H 1
 8: #define HAVE_SYS_MOUNT_H 1
 9: #define HAVE_SYS_STATFS_H 1
10: #define HAVE_STATFS 1
11: #define HAVE_UNISTD_H 1
12: #define HAVE_SYS_SYSCTL_H 1
13: #define HAVE_SYS_TYPES_H 1
14: #define HAVE_SYS_SOCKET_H 1
15: #define HAVE_NET_IF_H 1
16: #define HAVE_GETLOADAVG 1
17: #define HAVE_SYSCTL 1
18: #endif
/* end */

